January 4, 2022, 5:06 pm
Productos Encontrados: 
Productos Creados: 
Productos Actualizados: 
Cantidad de Errores: 0
---------------------------------------------
January 4, 2022, 5:23 pm
Productos Encontrados: 
Productos Creados: 
Productos Actualizados: 
Cantidad de Errores: 0
---------------------------------------------
January 4, 2022, 5:23 pm
Productos Encontrados: 
Productos Creados: 
Productos Actualizados: 
Cantidad de Errores: 0
---------------------------------------------
January 4, 2022, 5:26 pm
Productos Encontrados: 
Productos Creados: 
Productos Actualizados: 
Cantidad de Errores: 0
---------------------------------------------
January 4, 2022, 5:27 pm
Productos Encontrados: 
Productos Creados: 
Productos Actualizados: 
Cantidad de Errores: 0
---------------------------------------------
January 4, 2022, 5:28 pm
Productos Encontrados: 
Productos Creados: 
Productos Actualizados: 
Cantidad de Errores: 0
---------------------------------------------
